
> playwright-a11y-tester@1.0.0 postinstall
> npx playwright install --with-deps chromium


up to date, audited 5 packages in 916ms

found 0 vulnerabilities
Using browser for htmlsniffer: /Applications/Google Chrome.app/Contents/MacOS/Google Chrome
Traceback (most recent call last):
  File "<stdin>", line 4, in <module>
ValueError: substring not found

> playwright-a11y-tester@1.0.0 start
> node index.js

Auditing (Playwright): https://www2.pnwx.com/Accessories/LeadProducts/Aprons/Infab/LightningFast/...
Successfully saved LightningFast.json
Auditing (Playwright): https://www2.pnwx.com/Accessories/Phantoms/Test/Fluoroscopy/...
Successfully saved Fluoroscopy.json
Auditing (Playwright): https://www2.pnwx.com/Accessories/LeadProducts/Aprons/Infab/Revolution/...
Successfully saved Revolution.json
Auditing (Playwright): https://www2.pnwx.com/Accessories/PatAsst/MerchantBoards/...
Successfully saved MerchantBoards.json
Auditing (Playwright): https://www2.pnwx.com/Accessories/LeadProducts/Gloves/Proguard/...
Successfully saved Proguard.json
Auditing (Playwright): https://www2.pnwx.com/Accessories/Phantoms/MRI/Pro-Project/ACR-Medium/...
Successfully saved ACR-Medium.json
Auditing (Playwright): https://www2.pnwx.com/Accessories/Phantoms/Test/LinePair/...
Successfully saved LinePair.json
Auditing (Playwright): https://www2.pnwx.com/Accessories/PosAides/Pet-Sitioner/...
Successfully saved Pet-Sitioner.json
Auditing (Playwright): https://www2.pnwx.com/Accessories/LeadProducts/Windows/...
Successfully saved Windows.json
Auditing (Playwright): https://www2.pnwx.com/Accessories/LeadProducts/MobileBarriers/Infab/...
Successfully saved Infab.json
Auditing (Playwright): https://www2.pnwx.com/Accessories/Phantoms/Test/...
Successfully saved Test.json
Auditing (Playwright): https://www2.pnwx.com/Accessories/PatAsst/TablePads/X-Ray/...
Successfully saved X-Ray.json
Auditing (Playwright): https://www2.pnwx.com/Accessories/LeadProducts/Blockers-Shields/Curtains/...
Successfully saved Curtains.json
Auditing (Playwright): https://www2.pnwx.com/Equipment/DarkEquip/Rotex/...
Successfully saved Rotex.json
Auditing (Playwright): https://www2.pnwx.com/Parts/Grids/...
Successfully saved Grids.json
Comparison run complete.
