npm warn deprecated inflight@1.0.6: This module is not supported, and leaks memory. Do not use it. Check out lru-cache if you want a good and tested way to coalesce async requests by a key value, which is much more comprehensive and powerful.
npm warn deprecated npmlog@5.0.1: This package is no longer supported.
npm warn deprecated whatwg-encoding@3.1.1: Use @exodus/bytes instead for a more spec-conformant and faster implementation
npm warn deprecated lodash.isequal@4.5.0: This package is deprecated. Use require('node:util').isDeepStrictEqual instead.
npm warn deprecated rimraf@3.0.2: Rimraf versions prior to v4 are no longer supported
npm warn deprecated are-we-there-yet@2.0.0: This package is no longer supported.
npm warn deprecated glob@7.2.3: Old versions of glob are not supported, and contain widely publicized security vulnerabilities, which have been fixed in the current version. Please update. Support for old versions may be purchased (at exorbitant rates) by contacting i@izs.me
npm warn deprecated prebuild-install@7.1.3: No longer maintained. Please contact the author of the relevant native addon; alternatives are available.
npm warn deprecated gauge@3.0.2: This package is no longer supported.
npm warn deprecated tar@6.2.1: Old versions of tar are not supported, and contain widely publicized security vulnerabilities, which have been fixed in the current version. Please update. Support for old versions may be purchased (at exorbitant rates) by contacting i@izs.me

> a11y-scan-oobee@1.0.0 postinstall
> npx playwright install chromium --with-deps


added 644 packages, and audited 645 packages in 8s

122 packages are looking for funding
  run `npm fund` for details

21 vulnerabilities (16 moderate, 5 high)

To address issues that do not require attention, run:
  npm audit fix

Some issues need review, and may require choosing
a different dependency.

Run `npm audit` for details.
Patching Oobee script output path: /Users/user/code/github/wcag-tools-test-frameworks/oobee/tests/audit.js

> a11y-scan-oobee@1.0.0 test
> node tests/audit.js

Navigating to: https://www2.pnwx.com/Accessories/LeadProducts/Aprons/Infab/LightningFast/
Scanning...
Saved results to: /Users/user/code/github/wcag-tools-test-frameworks/oobee/reports/LightningFast.json
Navigating to: https://www2.pnwx.com/Accessories/Phantoms/Test/Fluoroscopy/
Scanning...
(node:40616) Warning: The 'import-in-the-middle' hook has already been initialized
(Use `node --trace-warnings ...` to show where the warning was created)
Saved results to: /Users/user/code/github/wcag-tools-test-frameworks/oobee/reports/Fluoroscopy.json
Navigating to: https://www2.pnwx.com/Accessories/LeadProducts/Aprons/Infab/Revolution/
Scanning...
(node:40616) Warning: The 'import-in-the-middle' hook has already been initialized
Saved results to: /Users/user/code/github/wcag-tools-test-frameworks/oobee/reports/Revolution.json
Navigating to: https://www2.pnwx.com/Accessories/PatAsst/MerchantBoards/
Scanning...
(node:40616) Warning: The 'import-in-the-middle' hook has already been initialized
Saved results to: /Users/user/code/github/wcag-tools-test-frameworks/oobee/reports/MerchantBoards.json
Navigating to: https://www2.pnwx.com/Accessories/LeadProducts/Gloves/Proguard/
Scanning...
(node:40616) Warning: The 'import-in-the-middle' hook has already been initialized
Saved results to: /Users/user/code/github/wcag-tools-test-frameworks/oobee/reports/Proguard.json
Navigating to: https://www2.pnwx.com/Accessories/Phantoms/MRI/Pro-Project/ACR-Medium/
Scanning...
(node:40616) Warning: The 'import-in-the-middle' hook has already been initialized
Saved results to: /Users/user/code/github/wcag-tools-test-frameworks/oobee/reports/ACR-Medium.json
Navigating to: https://www2.pnwx.com/Accessories/Phantoms/Test/LinePair/
Scanning...
(node:40616) Warning: The 'import-in-the-middle' hook has already been initialized
Saved results to: /Users/user/code/github/wcag-tools-test-frameworks/oobee/reports/LinePair.json
Navigating to: https://www2.pnwx.com/Accessories/PosAides/Pet-Sitioner/
Scanning...
(node:40616) Warning: The 'import-in-the-middle' hook has already been initialized
Saved results to: /Users/user/code/github/wcag-tools-test-frameworks/oobee/reports/Pet-Sitioner.json
Navigating to: https://www2.pnwx.com/Accessories/LeadProducts/Windows/
Scanning...
(node:40616) MaxListenersExceededWarning: Possible EventEmitter memory leak detected. 11 uncaughtException listeners added to [process]. MaxListeners is 10. Use emitter.setMaxListeners() to increase limit
(Use `node --trace-warnings ...` to show where the warning was created)
(node:40616) Warning: The 'import-in-the-middle' hook has already been initialized
Saved results to: /Users/user/code/github/wcag-tools-test-frameworks/oobee/reports/Windows.json
Navigating to: https://www2.pnwx.com/Accessories/LeadProducts/MobileBarriers/Infab/
Scanning...
(node:40616) MaxListenersExceededWarning: Possible EventEmitter memory leak detected. 11 beforeExit listeners added to [process]. MaxListeners is 10. Use emitter.setMaxListeners() to increase limit
(node:40616) MaxListenersExceededWarning: Possible EventEmitter memory leak detected. 11 error listeners added to [ChildProcess]. MaxListeners is 10. Use emitter.setMaxListeners() to increase limit
(node:40616) Warning: The 'import-in-the-middle' hook has already been initialized
Saved results to: /Users/user/code/github/wcag-tools-test-frameworks/oobee/reports/Infab.json
(node:40616) MaxListenersExceededWarning: Possible EventEmitter memory leak detected. 11 error listeners added to [ChildProcess]. MaxListeners is 10. Use emitter.setMaxListeners() to increase limit
Navigating to: https://www2.pnwx.com/Accessories/Phantoms/Test/
Scanning...
(node:40616) MaxListenersExceededWarning: Possible EventEmitter memory leak detected. 11 unhandledRejection listeners added to [process]. MaxListeners is 10. Use emitter.setMaxListeners() to increase limit
(node:40616) MaxListenersExceededWarning: Possible EventEmitter memory leak detected. 11 spawn listeners added to [ChildProcess]. MaxListeners is 10. Use emitter.setMaxListeners() to increase limit
(node:40616) MaxListenersExceededWarning: Possible EventEmitter memory leak detected. 11 exit listeners added to [ChildProcess]. MaxListeners is 10. Use emitter.setMaxListeners() to increase limit
(node:40616) MaxListenersExceededWarning: Possible EventEmitter memory leak detected. 11 error listeners added to [ChildProcess]. MaxListeners is 10. Use emitter.setMaxListeners() to increase limit
(node:40616) Warning: The 'import-in-the-middle' hook has already been initialized
Saved results to: /Users/user/code/github/wcag-tools-test-frameworks/oobee/reports/Test.json
(node:40616) MaxListenersExceededWarning: Possible EventEmitter memory leak detected. 11 spawn listeners added to [ChildProcess]. MaxListeners is 10. Use emitter.setMaxListeners() to increase limit
(node:40616) MaxListenersExceededWarning: Possible EventEmitter memory leak detected. 11 exit listeners added to [ChildProcess]. MaxListeners is 10. Use emitter.setMaxListeners() to increase limit
(node:40616) MaxListenersExceededWarning: Possible EventEmitter memory leak detected. 11 error listeners added to [ChildProcess]. MaxListeners is 10. Use emitter.setMaxListeners() to increase limit
Navigating to: https://www2.pnwx.com/Accessories/PatAsst/TablePads/X-Ray/
Scanning...
(node:40616) MaxListenersExceededWarning: Possible EventEmitter memory leak detected. 11 spawn listeners added to [ChildProcess]. MaxListeners is 10. Use emitter.setMaxListeners() to increase limit
(node:40616) MaxListenersExceededWarning: Possible EventEmitter memory leak detected. 11 exit listeners added to [ChildProcess]. MaxListeners is 10. Use emitter.setMaxListeners() to increase limit
(node:40616) MaxListenersExceededWarning: Possible EventEmitter memory leak detected. 11 error listeners added to [ChildProcess]. MaxListeners is 10. Use emitter.setMaxListeners() to increase limit
(node:40616) Warning: The 'import-in-the-middle' hook has already been initialized
Saved results to: /Users/user/code/github/wcag-tools-test-frameworks/oobee/reports/X-Ray.json
(node:40616) MaxListenersExceededWarning: Possible EventEmitter memory leak detected. 11 spawn listeners added to [ChildProcess]. MaxListeners is 10. Use emitter.setMaxListeners() to increase limit
(node:40616) MaxListenersExceededWarning: Possible EventEmitter memory leak detected. 11 exit listeners added to [ChildProcess]. MaxListeners is 10. Use emitter.setMaxListeners() to increase limit
(node:40616) MaxListenersExceededWarning: Possible EventEmitter memory leak detected. 11 error listeners added to [ChildProcess]. MaxListeners is 10. Use emitter.setMaxListeners() to increase limit
Navigating to: https://www2.pnwx.com/Accessories/LeadProducts/Blockers-Shields/Curtains/
Scanning...
(node:40616) MaxListenersExceededWarning: Possible EventEmitter memory leak detected. 11 spawn listeners added to [ChildProcess]. MaxListeners is 10. Use emitter.setMaxListeners() to increase limit
(node:40616) MaxListenersExceededWarning: Possible EventEmitter memory leak detected. 11 exit listeners added to [ChildProcess]. MaxListeners is 10. Use emitter.setMaxListeners() to increase limit
(node:40616) MaxListenersExceededWarning: Possible EventEmitter memory leak detected. 11 error listeners added to [ChildProcess]. MaxListeners is 10. Use emitter.setMaxListeners() to increase limit
(node:40616) Warning: The 'import-in-the-middle' hook has already been initialized
Saved results to: /Users/user/code/github/wcag-tools-test-frameworks/oobee/reports/Curtains.json
(node:40616) MaxListenersExceededWarning: Possible EventEmitter memory leak detected. 11 spawn listeners added to [ChildProcess]. MaxListeners is 10. Use emitter.setMaxListeners() to increase limit
(node:40616) MaxListenersExceededWarning: Possible EventEmitter memory leak detected. 11 exit listeners added to [ChildProcess]. MaxListeners is 10. Use emitter.setMaxListeners() to increase limit
(node:40616) MaxListenersExceededWarning: Possible EventEmitter memory leak detected. 11 error listeners added to [ChildProcess]. MaxListeners is 10. Use emitter.setMaxListeners() to increase limit
Navigating to: https://www2.pnwx.com/Equipment/DarkEquip/Rotex/
Scanning...
(node:40616) MaxListenersExceededWarning: Possible EventEmitter memory leak detected. 11 spawn listeners added to [ChildProcess]. MaxListeners is 10. Use emitter.setMaxListeners() to increase limit
(node:40616) MaxListenersExceededWarning: Possible EventEmitter memory leak detected. 11 exit listeners added to [ChildProcess]. MaxListeners is 10. Use emitter.setMaxListeners() to increase limit
(node:40616) MaxListenersExceededWarning: Possible EventEmitter memory leak detected. 11 error listeners added to [ChildProcess]. MaxListeners is 10. Use emitter.setMaxListeners() to increase limit
(node:40616) Warning: The 'import-in-the-middle' hook has already been initialized
Saved results to: /Users/user/code/github/wcag-tools-test-frameworks/oobee/reports/Rotex.json
(node:40616) MaxListenersExceededWarning: Possible EventEmitter memory leak detected. 11 spawn listeners added to [ChildProcess]. MaxListeners is 10. Use emitter.setMaxListeners() to increase limit
(node:40616) MaxListenersExceededWarning: Possible EventEmitter memory leak detected. 11 exit listeners added to [ChildProcess]. MaxListeners is 10. Use emitter.setMaxListeners() to increase limit
(node:40616) MaxListenersExceededWarning: Possible EventEmitter memory leak detected. 11 error listeners added to [ChildProcess]. MaxListeners is 10. Use emitter.setMaxListeners() to increase limit
Navigating to: https://www2.pnwx.com/Parts/Grids/
Scanning...
(node:40616) MaxListenersExceededWarning: Possible EventEmitter memory leak detected. 11 spawn listeners added to [ChildProcess]. MaxListeners is 10. Use emitter.setMaxListeners() to increase limit
(node:40616) MaxListenersExceededWarning: Possible EventEmitter memory leak detected. 11 exit listeners added to [ChildProcess]. MaxListeners is 10. Use emitter.setMaxListeners() to increase limit
(node:40616) MaxListenersExceededWarning: Possible EventEmitter memory leak detected. 11 error listeners added to [ChildProcess]. MaxListeners is 10. Use emitter.setMaxListeners() to increase limit
(node:40616) Warning: The 'import-in-the-middle' hook has already been initialized
Saved results to: /Users/user/code/github/wcag-tools-test-frameworks/oobee/reports/Grids.json
