
added 8 packages, and audited 9 packages in 534ms

found 0 vulnerabilities
You are using a frozen webkit browser which does not receive updates anymore on mac14-arm64. Please update to the latest version of your operating system to test up-to-date browsers.

Running 15 tests using 1 worker

[1A[2K[1/15] tests/test.spec.ts:27:9 › Website accessibility checks › https://www2.pnwx.com/Accessories/LeadProducts/Aprons/Infab/LightningFast/
[1A[2K  1) tests/test.spec.ts:27:9 › Website accessibility checks › https://www2.pnwx.com/Accessories/LeadProducts/Aprons/Infab/LightningFast/ 

    Error: Accessibility issues found on https://www2.pnwx.com/Accessories/LeadProducts/Aprons/Infab/LightningFast/: 6 failing violation(s). area-alt (critical), html-has-lang (serious), image-alt (critical), label (critical), link-name (serious), listitem (serious)

       at ../utils/accessibility.ts:97

       95 |       .join(', ');
       96 |
    >  97 |     throw new Error(
          |           ^
       98 |       `Accessibility issues found on ${page.url()}: ${failingViolations.length} failing violation(s). ${summary}`
       99 |     );
      100 |   }
        at runAccessibilityCheck (/Users/user/code/github/wcag-tools-test-frameworks/playwright-axe-core/utils/accessibility.ts:97:11)
        at /Users/user/code/github/wcag-tools-test-frameworks/playwright-axe-core/tests/test.spec.ts:33:7

    Error Context: test-results/test-Website-accessibility-25fba-Aprons-Infab-LightningFast-/error-context.md

    Error Context: test-results/test-Website-accessibility-25fba-Aprons-Infab-LightningFast-/error-context.md


[1A[2K[2/15] tests/test.spec.ts:27:9 › Website accessibility checks › https://www2.pnwx.com/Accessories/Phantoms/Test/Fluoroscopy/
[1A[2K  2) tests/test.spec.ts:27:9 › Website accessibility checks › https://www2.pnwx.com/Accessories/Phantoms/Test/Fluoroscopy/ 

    Error: Accessibility issues found on https://www2.pnwx.com/Accessories/Phantoms/Test/Fluoroscopy/: 6 failing violation(s). area-alt (critical), html-has-lang (serious), image-alt (critical), label (critical), link-name (serious), listitem (serious)

       at ../utils/accessibility.ts:97

       95 |       .join(', ');
       96 |
    >  97 |     throw new Error(
          |           ^
       98 |       `Accessibility issues found on ${page.url()}: ${failingViolations.length} failing violation(s). ${summary}`
       99 |     );
      100 |   }
        at runAccessibilityCheck (/Users/user/code/github/wcag-tools-test-frameworks/playwright-axe-core/utils/accessibility.ts:97:11)
        at /Users/user/code/github/wcag-tools-test-frameworks/playwright-axe-core/tests/test.spec.ts:33:7

    Error Context: test-results/test-Website-accessibility-bcaf1--Phantoms-Test-Fluoroscopy-/error-context.md

    Error Context: test-results/test-Website-accessibility-bcaf1--Phantoms-Test-Fluoroscopy-/error-context.md


[1A[2K[3/15] tests/test.spec.ts:27:9 › Website accessibility checks › https://www2.pnwx.com/Accessories/LeadProducts/Aprons/Infab/Revolution/
[1A[2K  3) tests/test.spec.ts:27:9 › Website accessibility checks › https://www2.pnwx.com/Accessories/LeadProducts/Aprons/Infab/Revolution/ 

    Error: Accessibility issues found on https://www2.pnwx.com/Accessories/LeadProducts/Aprons/Infab/Revolution/: 6 failing violation(s). area-alt (critical), html-has-lang (serious), image-alt (critical), label (critical), link-name (serious), target-size (serious)

       at ../utils/accessibility.ts:97

       95 |       .join(', ');
       96 |
    >  97 |     throw new Error(
          |           ^
       98 |       `Accessibility issues found on ${page.url()}: ${failingViolations.length} failing violation(s). ${summary}`
       99 |     );
      100 |   }
        at runAccessibilityCheck (/Users/user/code/github/wcag-tools-test-frameworks/playwright-axe-core/utils/accessibility.ts:97:11)
        at /Users/user/code/github/wcag-tools-test-frameworks/playwright-axe-core/tests/test.spec.ts:33:7

    Error Context: test-results/test-Website-accessibility-770e5-ts-Aprons-Infab-Revolution-/error-context.md

    Error Context: test-results/test-Website-accessibility-770e5-ts-Aprons-Infab-Revolution-/error-context.md


[1A[2K[4/15] tests/test.spec.ts:27:9 › Website accessibility checks › https://www2.pnwx.com/Accessories/PatAsst/MerchantBoards/
[1A[2K  4) tests/test.spec.ts:27:9 › Website accessibility checks › https://www2.pnwx.com/Accessories/PatAsst/MerchantBoards/ 

    Error: Accessibility issues found on https://www2.pnwx.com/Accessories/PatAsst/MerchantBoards/: 6 failing violation(s). area-alt (critical), html-has-lang (serious), image-alt (critical), label (critical), link-name (serious), listitem (serious)

       at ../utils/accessibility.ts:97

       95 |       .join(', ');
       96 |
    >  97 |     throw new Error(
          |           ^
       98 |       `Accessibility issues found on ${page.url()}: ${failingViolations.length} failing violation(s). ${summary}`
       99 |     );
      100 |   }
        at runAccessibilityCheck (/Users/user/code/github/wcag-tools-test-frameworks/playwright-axe-core/utils/accessibility.ts:97:11)
        at /Users/user/code/github/wcag-tools-test-frameworks/playwright-axe-core/tests/test.spec.ts:33:7

    Error Context: test-results/test-Website-accessibility-af146-ies-PatAsst-MerchantBoards-/error-context.md

    Error Context: test-results/test-Website-accessibility-af146-ies-PatAsst-MerchantBoards-/error-context.md


[1A[2K[5/15] tests/test.spec.ts:27:9 › Website accessibility checks › https://www2.pnwx.com/Accessories/LeadProducts/Gloves/Proguard/
[1A[2K  5) tests/test.spec.ts:27:9 › Website accessibility checks › https://www2.pnwx.com/Accessories/LeadProducts/Gloves/Proguard/ 

    Error: Accessibility issues found on https://www2.pnwx.com/Accessories/LeadProducts/Gloves/Proguard/: 6 failing violation(s). area-alt (critical), html-has-lang (serious), image-alt (critical), label (critical), link-name (serious), listitem (serious)

       at ../utils/accessibility.ts:97

       95 |       .join(', ');
       96 |
    >  97 |     throw new Error(
          |           ^
       98 |       `Accessibility issues found on ${page.url()}: ${failingViolations.length} failing violation(s). ${summary}`
       99 |     );
      100 |   }
        at runAccessibilityCheck (/Users/user/code/github/wcag-tools-test-frameworks/playwright-axe-core/utils/accessibility.ts:97:11)
        at /Users/user/code/github/wcag-tools-test-frameworks/playwright-axe-core/tests/test.spec.ts:33:7

    Error Context: test-results/test-Website-accessibility-713ef-adProducts-Gloves-Proguard-/error-context.md

    Error Context: test-results/test-Website-accessibility-713ef-adProducts-Gloves-Proguard-/error-context.md


[1A[2K[6/15] tests/test.spec.ts:27:9 › Website accessibility checks › https://www2.pnwx.com/Accessories/Phantoms/MRI/Pro-Project/ACR-Medium/
[1A[2K  6) tests/test.spec.ts:27:9 › Website accessibility checks › https://www2.pnwx.com/Accessories/Phantoms/MRI/Pro-Project/ACR-Medium/ 

    Error: Accessibility issues found on https://www2.pnwx.com/Accessories/Phantoms/MRI/Pro-Project/ACR-Medium/: 6 failing violation(s). area-alt (critical), html-has-lang (serious), image-alt (critical), label (critical), link-name (serious), listitem (serious)

       at ../utils/accessibility.ts:97

       95 |       .join(', ');
       96 |
    >  97 |     throw new Error(
          |           ^
       98 |       `Accessibility issues found on ${page.url()}: ${failingViolations.length} failing violation(s). ${summary}`
       99 |     );
      100 |   }
        at runAccessibilityCheck (/Users/user/code/github/wcag-tools-test-frameworks/playwright-axe-core/utils/accessibility.ts:97:11)
        at /Users/user/code/github/wcag-tools-test-frameworks/playwright-axe-core/tests/test.spec.ts:33:7

    Error Context: test-results/test-Website-accessibility-37033-MRI-Pro-Project-ACR-Medium-/error-context.md

    Error Context: test-results/test-Website-accessibility-37033-MRI-Pro-Project-ACR-Medium-/error-context.md


[1A[2K[7/15] tests/test.spec.ts:27:9 › Website accessibility checks › https://www2.pnwx.com/Accessories/Phantoms/Test/LinePair/
[1A[2K  7) tests/test.spec.ts:27:9 › Website accessibility checks › https://www2.pnwx.com/Accessories/Phantoms/Test/LinePair/ 

    Error: Accessibility issues found on https://www2.pnwx.com/Accessories/Phantoms/Test/LinePair/: 5 failing violation(s). area-alt (critical), html-has-lang (serious), image-alt (critical), label (critical), link-name (serious)

       at ../utils/accessibility.ts:97

       95 |       .join(', ');
       96 |
    >  97 |     throw new Error(
          |           ^
       98 |       `Accessibility issues found on ${page.url()}: ${failingViolations.length} failing violation(s). ${summary}`
       99 |     );
      100 |   }
        at runAccessibilityCheck (/Users/user/code/github/wcag-tools-test-frameworks/playwright-axe-core/utils/accessibility.ts:97:11)
        at /Users/user/code/github/wcag-tools-test-frameworks/playwright-axe-core/tests/test.spec.ts:33:7

    Error Context: test-results/test-Website-accessibility-37529-ies-Phantoms-Test-LinePair-/error-context.md

    Error Context: test-results/test-Website-accessibility-37529-ies-Phantoms-Test-LinePair-/error-context.md


[1A[2K[8/15] tests/test.spec.ts:27:9 › Website accessibility checks › https://www2.pnwx.com/Accessories/PosAides/Pet-Sitioner/
[1A[2K  8) tests/test.spec.ts:27:9 › Website accessibility checks › https://www2.pnwx.com/Accessories/PosAides/Pet-Sitioner/ 

    Error: Accessibility issues found on https://www2.pnwx.com/Accessories/PosAides/Pet-Sitioner/: 6 failing violation(s). area-alt (critical), html-has-lang (serious), image-alt (critical), label (critical), link-name (serious), listitem (serious)

       at ../utils/accessibility.ts:97

       95 |       .join(', ');
       96 |
    >  97 |     throw new Error(
          |           ^
       98 |       `Accessibility issues found on ${page.url()}: ${failingViolations.length} failing violation(s). ${summary}`
       99 |     );
      100 |   }
        at runAccessibilityCheck (/Users/user/code/github/wcag-tools-test-frameworks/playwright-axe-core/utils/accessibility.ts:97:11)
        at /Users/user/code/github/wcag-tools-test-frameworks/playwright-axe-core/tests/test.spec.ts:33:7

    Error Context: test-results/test-Website-accessibility-bc4b8-ries-PosAides-Pet-Sitioner-/error-context.md

    Error Context: test-results/test-Website-accessibility-bc4b8-ries-PosAides-Pet-Sitioner-/error-context.md


[1A[2K[9/15] tests/test.spec.ts:27:9 › Website accessibility checks › https://www2.pnwx.com/Accessories/LeadProducts/Windows/
[1A[2K  9) tests/test.spec.ts:27:9 › Website accessibility checks › https://www2.pnwx.com/Accessories/LeadProducts/Windows/ 

    Error: Accessibility issues found on https://www2.pnwx.com/Accessories/LeadProducts/Windows/: 6 failing violation(s). area-alt (critical), html-has-lang (serious), image-alt (critical), label (critical), link-name (serious), listitem (serious)

       at ../utils/accessibility.ts:97

       95 |       .join(', ');
       96 |
    >  97 |     throw new Error(
          |           ^
       98 |       `Accessibility issues found on ${page.url()}: ${failingViolations.length} failing violation(s). ${summary}`
       99 |     );
      100 |   }
        at runAccessibilityCheck (/Users/user/code/github/wcag-tools-test-frameworks/playwright-axe-core/utils/accessibility.ts:97:11)
        at /Users/user/code/github/wcag-tools-test-frameworks/playwright-axe-core/tests/test.spec.ts:33:7

    Error Context: test-results/test-Website-accessibility-c30f3-ories-LeadProducts-Windows-/error-context.md

    Error Context: test-results/test-Website-accessibility-c30f3-ories-LeadProducts-Windows-/error-context.md


[1A[2K[10/15] tests/test.spec.ts:27:9 › Website accessibility checks › https://www2.pnwx.com/Accessories/LeadProducts/MobileBarriers/Infab/
[1A[2K  10) tests/test.spec.ts:27:9 › Website accessibility checks › https://www2.pnwx.com/Accessories/LeadProducts/MobileBarriers/Infab/ 

    Error: Accessibility issues found on https://www2.pnwx.com/Accessories/LeadProducts/MobileBarriers/Infab/: 6 failing violation(s). area-alt (critical), html-has-lang (serious), image-alt (critical), label (critical), link-name (serious), listitem (serious)

       at ../utils/accessibility.ts:97

       95 |       .join(', ');
       96 |
    >  97 |     throw new Error(
          |           ^
       98 |       `Accessibility issues found on ${page.url()}: ${failingViolations.length} failing violation(s). ${summary}`
       99 |     );
      100 |   }
        at runAccessibilityCheck (/Users/user/code/github/wcag-tools-test-frameworks/playwright-axe-core/utils/accessibility.ts:97:11)
        at /Users/user/code/github/wcag-tools-test-frameworks/playwright-axe-core/tests/test.spec.ts:33:7

    Error Context: test-results/test-Website-accessibility-1d164-ducts-MobileBarriers-Infab-/error-context.md

    Error Context: test-results/test-Website-accessibility-1d164-ducts-MobileBarriers-Infab-/error-context.md


[1A[2K[11/15] tests/test.spec.ts:27:9 › Website accessibility checks › https://www2.pnwx.com/Accessories/Phantoms/Test/
[1A[2K  11) tests/test.spec.ts:27:9 › Website accessibility checks › https://www2.pnwx.com/Accessories/Phantoms/Test/ 

    Error: Accessibility issues found on https://www2.pnwx.com/Accessories/Phantoms/Test/: 6 failing violation(s). area-alt (critical), html-has-lang (serious), image-alt (critical), label (critical), link-name (serious), target-size (serious)

       at ../utils/accessibility.ts:97

       95 |       .join(', ');
       96 |
    >  97 |     throw new Error(
          |           ^
       98 |       `Accessibility issues found on ${page.url()}: ${failingViolations.length} failing violation(s). ${summary}`
       99 |     );
      100 |   }
        at runAccessibilityCheck (/Users/user/code/github/wcag-tools-test-frameworks/playwright-axe-core/utils/accessibility.ts:97:11)
        at /Users/user/code/github/wcag-tools-test-frameworks/playwright-axe-core/tests/test.spec.ts:33:7

    Error Context: test-results/test-Website-accessibility-30a27--Accessories-Phantoms-Test-/error-context.md

    Error Context: test-results/test-Website-accessibility-30a27--Accessories-Phantoms-Test-/error-context.md


[1A[2K[12/15] tests/test.spec.ts:27:9 › Website accessibility checks › https://www2.pnwx.com/Accessories/PatAsst/TablePads/X-Ray/
[1A[2K  12) tests/test.spec.ts:27:9 › Website accessibility checks › https://www2.pnwx.com/Accessories/PatAsst/TablePads/X-Ray/ 

    Error: Accessibility issues found on https://www2.pnwx.com/Accessories/PatAsst/TablePads/X-Ray/: 6 failing violation(s). area-alt (critical), html-has-lang (serious), image-alt (critical), label (critical), link-name (serious), listitem (serious)

       at ../utils/accessibility.ts:97

       95 |       .join(', ');
       96 |
    >  97 |     throw new Error(
          |           ^
       98 |       `Accessibility issues found on ${page.url()}: ${failingViolations.length} failing violation(s). ${summary}`
       99 |     );
      100 |   }
        at runAccessibilityCheck (/Users/user/code/github/wcag-tools-test-frameworks/playwright-axe-core/utils/accessibility.ts:97:11)
        at /Users/user/code/github/wcag-tools-test-frameworks/playwright-axe-core/tests/test.spec.ts:33:7

    Error Context: test-results/test-Website-accessibility-d087f-es-PatAsst-TablePads-X-Ray-/error-context.md

    Error Context: test-results/test-Website-accessibility-d087f-es-PatAsst-TablePads-X-Ray-/error-context.md


[1A[2K[13/15] tests/test.spec.ts:27:9 › Website accessibility checks › https://www2.pnwx.com/Accessories/LeadProducts/Blockers-Shields/Curtains/
[1A[2K  13) tests/test.spec.ts:27:9 › Website accessibility checks › https://www2.pnwx.com/Accessories/LeadProducts/Blockers-Shields/Curtains/ 

    Error: Accessibility issues found on https://www2.pnwx.com/Accessories/LeadProducts/Blockers-Shields/Curtains/: 6 failing violation(s). area-alt (critical), html-has-lang (serious), image-alt (critical), label (critical), link-name (serious), listitem (serious)

       at ../utils/accessibility.ts:97

       95 |       .join(', ');
       96 |
    >  97 |     throw new Error(
          |           ^
       98 |       `Accessibility issues found on ${page.url()}: ${failingViolations.length} failing violation(s). ${summary}`
       99 |     );
      100 |   }
        at runAccessibilityCheck (/Users/user/code/github/wcag-tools-test-frameworks/playwright-axe-core/utils/accessibility.ts:97:11)
        at /Users/user/code/github/wcag-tools-test-frameworks/playwright-axe-core/tests/test.spec.ts:33:7

    Error Context: test-results/test-Website-accessibility-9cca3--Blockers-Shields-Curtains-/error-context.md

    Error Context: test-results/test-Website-accessibility-9cca3--Blockers-Shields-Curtains-/error-context.md


[1A[2K[14/15] tests/test.spec.ts:27:9 › Website accessibility checks › https://www2.pnwx.com/Equipment/DarkEquip/Rotex/
[1A[2K  14) tests/test.spec.ts:27:9 › Website accessibility checks › https://www2.pnwx.com/Equipment/DarkEquip/Rotex/ 

    Error: Accessibility issues found on https://www2.pnwx.com/Equipment/DarkEquip/Rotex/: 6 failing violation(s). area-alt (critical), html-has-lang (serious), image-alt (critical), label (critical), link-name (serious), target-size (serious)

       at ../utils/accessibility.ts:97

       95 |       .join(', ');
       96 |
    >  97 |     throw new Error(
          |           ^
       98 |       `Accessibility issues found on ${page.url()}: ${failingViolations.length} failing violation(s). ${summary}`
       99 |     );
      100 |   }
        at runAccessibilityCheck (/Users/user/code/github/wcag-tools-test-frameworks/playwright-axe-core/utils/accessibility.ts:97:11)
        at /Users/user/code/github/wcag-tools-test-frameworks/playwright-axe-core/tests/test.spec.ts:33:7

    Error Context: test-results/test-Website-accessibility-5fe4f--Equipment-DarkEquip-Rotex-/error-context.md

    Error Context: test-results/test-Website-accessibility-5fe4f--Equipment-DarkEquip-Rotex-/error-context.md


[1A[2K[15/15] tests/test.spec.ts:27:9 › Website accessibility checks › https://www2.pnwx.com/Parts/Grids/
[1A[2K  15) tests/test.spec.ts:27:9 › Website accessibility checks › https://www2.pnwx.com/Parts/Grids/ ──

    Error: Accessibility issues found on https://www2.pnwx.com/Parts/Grids/: 6 failing violation(s). area-alt (critical), html-has-lang (serious), image-alt (critical), label (critical), link-name (serious), listitem (serious)

       at ../utils/accessibility.ts:97

       95 |       .join(', ');
       96 |
    >  97 |     throw new Error(
          |           ^
       98 |       `Accessibility issues found on ${page.url()}: ${failingViolations.length} failing violation(s). ${summary}`
       99 |     );
      100 |   }
        at runAccessibilityCheck (/Users/user/code/github/wcag-tools-test-frameworks/playwright-axe-core/utils/accessibility.ts:97:11)
        at /Users/user/code/github/wcag-tools-test-frameworks/playwright-axe-core/tests/test.spec.ts:33:7

    Error Context: test-results/test-Website-accessibility-8e469--www2-pnwx-com-Parts-Grids-/error-context.md

    Error Context: test-results/test-Website-accessibility-8e469--www2-pnwx-com-Parts-Grids-/error-context.md


[1A[2K  15 failed
    tests/test.spec.ts:27:9 › Website accessibility checks › https://www2.pnwx.com/Accessories/LeadProducts/Aprons/Infab/LightningFast/ 
    tests/test.spec.ts:27:9 › Website accessibility checks › https://www2.pnwx.com/Accessories/Phantoms/Test/Fluoroscopy/ 
    tests/test.spec.ts:27:9 › Website accessibility checks › https://www2.pnwx.com/Accessories/LeadProducts/Aprons/Infab/Revolution/ 
    tests/test.spec.ts:27:9 › Website accessibility checks › https://www2.pnwx.com/Accessories/PatAsst/MerchantBoards/ 
    tests/test.spec.ts:27:9 › Website accessibility checks › https://www2.pnwx.com/Accessories/LeadProducts/Gloves/Proguard/ 
    tests/test.spec.ts:27:9 › Website accessibility checks › https://www2.pnwx.com/Accessories/Phantoms/MRI/Pro-Project/ACR-Medium/ 
    tests/test.spec.ts:27:9 › Website accessibility checks › https://www2.pnwx.com/Accessories/Phantoms/Test/LinePair/ 
    tests/test.spec.ts:27:9 › Website accessibility checks › https://www2.pnwx.com/Accessories/PosAides/Pet-Sitioner/ 
    tests/test.spec.ts:27:9 › Website accessibility checks › https://www2.pnwx.com/Accessories/LeadProducts/Windows/ 
    tests/test.spec.ts:27:9 › Website accessibility checks › https://www2.pnwx.com/Accessories/LeadProducts/MobileBarriers/Infab/ 
    tests/test.spec.ts:27:9 › Website accessibility checks › https://www2.pnwx.com/Accessories/Phantoms/Test/ 
    tests/test.spec.ts:27:9 › Website accessibility checks › https://www2.pnwx.com/Accessories/PatAsst/TablePads/X-Ray/ 
    tests/test.spec.ts:27:9 › Website accessibility checks › https://www2.pnwx.com/Accessories/LeadProducts/Blockers-Shields/Curtains/ 
    tests/test.spec.ts:27:9 › Website accessibility checks › https://www2.pnwx.com/Equipment/DarkEquip/Rotex/ 
    tests/test.spec.ts:27:9 › Website accessibility checks › https://www2.pnwx.com/Parts/Grids/ ────
