npm warn deprecated inflight@1.0.6: This module is not supported, and leaks memory. Do not use it. Check out lru-cache if you want a good and tested way to coalesce async requests by a key value, which is much more comprehensive and powerful.
npm warn deprecated glob@7.2.3: Old versions of glob are not supported, and contain widely publicized security vulnerabilities, which have been fixed in the current version. Please update. Support for old versions may be purchased (at exorbitant rates) by contacting i@izs.me
npm warn deprecated glob@10.5.0: Old versions of glob are not supported, and contain widely publicized security vulnerabilities, which have been fixed in the current version. Please update. Support for old versions may be purchased (at exorbitant rates) by contacting i@izs.me

added 335 packages, and audited 336 packages in 3s

61 packages are looking for funding
  run `npm fund` for details

8 moderate severity vulnerabilities

To address all issues possible (including breaking changes), run:
  npm audit fix --force

Some issues need review, and may require choosing
a different dependency.

Run `npm audit` for details.

> uuv-url-audit-richer-full-page-check@1.1.0 audit
> npm run test:uuv


> uuv-url-audit-richer-full-page-check@1.1.0 test:uuv
> cucumber-js --config cucumber.cjs

`publishQuiet` option is no longer needed, you can remove it from your configuration; see https://github.com/cucumber/cucumber-js/blob/main/docs/deprecations.md
..F.

Failures:

1) Scenario: Full page check for all URLs from file # e2e/url-audit.feature:9
   ✔ Before # cucumber/step_definitions/url-audit.steps.js:45
   ✔ Given I prepare the report folder # cucumber/step_definitions/url-audit.steps.js:82
   ✖ When I run a rich full page check for every URL in "urls.txt" # cucumber/step_definitions/url-audit.steps.js:91
       Error: https://www2.pnwx.com/Accessories/LeadProducts/Aprons/Infab/LightningFast/ => [medium] 2 network request(s) failed. | [medium] No headings were found on the page. | [medium] 11 link(s) appear to have no accessible text. | [medium] 11 image(s) are missing an alt attribute. | [medium] 1 input control(s) appear to lack a visible or programmatic label. | [high] 11 axe accessibility violation(s) detected. || https://www2.pnwx.com/Accessories/Phantoms/Test/Fluoroscopy/ => [medium] 1 network request(s) failed. | [medium] No headings were found on the page. | [medium] 20 link(s) appear to have no accessible text. | [medium] 20 image(s) are missing an alt attribute. | [medium] 1 input control(s) appear to lack a visible or programmatic label. | [high] 11 axe accessibility violation(s) detected. || https://www2.pnwx.com/Accessories/LeadProducts/Aprons/Infab/Revolution/ => [medium] No headings were found on the page. | [medium] 13 link(s) appear to have no accessible text. | [medium] 10 image(s) are missing an alt attribute. | [medium] 1 input control(s) appear to lack a visible or programmatic label. | [high] 9 axe accessibility violation(s) detected. || https://www2.pnwx.com/Accessories/PatAsst/MerchantBoards/ => [medium] No headings were found on the page. | [medium] 8 link(s) appear to have no accessible text. | [medium] 16 image(s) are missing an alt attribute. | [medium] 1 input control(s) appear to lack a visible or programmatic label. | [high] 11 axe accessibility violation(s) detected. || https://www2.pnwx.com/Accessories/LeadProducts/Gloves/Proguard/ => [medium] No headings were found on the page. | [medium] 20 link(s) appear to have no accessible text. | [medium] 11 image(s) are missing an alt attribute. | [medium] 1 input control(s) appear to lack a visible or programmatic label. | [high] 11 axe accessibility violation(s) detected. || https://www2.pnwx.com/Accessories/Phantoms/MRI/Pro-Project/ACR-Medium/ => [medium] 3 network request(s) failed. | [medium] No headings were found on the page. | [medium] 13 link(s) appear to have no accessible text. | [medium] 8 image(s) are missing an alt attribute. | [medium] 1 input control(s) appear to lack a visible or programmatic label. | [high] 11 axe accessibility violation(s) detected. || https://www2.pnwx.com/Accessories/Phantoms/Test/LinePair/ => [medium] 1 network request(s) failed. | [medium] No headings were found on the page. | [medium] 20 link(s) appear to have no accessible text. | [medium] 16 image(s) are missing an alt attribute. | [medium] 1 input control(s) appear to lack a visible or programmatic label. | [high] 10 axe accessibility violation(s) detected. || https://www2.pnwx.com/Accessories/PosAides/Pet-Sitioner/ => [medium] 1 network request(s) failed. | [medium] No headings were found on the page. | [medium] 20 link(s) appear to have no accessible text. | [medium] 12 image(s) are missing an alt attribute. | [medium] 1 input control(s) appear to lack a visible or programmatic label. | [high] 11 axe accessibility violation(s) detected. || https://www2.pnwx.com/Accessories/LeadProducts/Windows/ => [medium] 1 network request(s) failed. | [medium] No headings were found on the page. | [medium] 13 link(s) appear to have no accessible text. | [medium] 13 image(s) are missing an alt attribute. | [medium] 1 input control(s) appear to lack a visible or programmatic label. | [high] 11 axe accessibility violation(s) detected. || https://www2.pnwx.com/Accessories/LeadProducts/MobileBarriers/Infab/ => [medium] 1 network request(s) failed. | [medium] No headings were found on the page. | [medium] 20 link(s) appear to have no accessible text. | [medium] 20 image(s) are missing an alt attribute. | [medium] 1 input control(s) appear to lack a visible or programmatic label. | [high] 11 axe accessibility violation(s) detected. || https://www2.pnwx.com/Accessories/Phantoms/Test/ => [medium] 1 network request(s) failed. | [medium] No headings were found on the page. | [medium] 18 link(s) appear to have no accessible text. | [medium] 8 image(s) are missing an alt attribute. | [medium] 1 input control(s) appear to lack a visible or programmatic label. | [high] 9 axe accessibility violation(s) detected. || https://www2.pnwx.com/Accessories/PatAsst/TablePads/X-Ray/ => [medium] 1 network request(s) failed. | [medium] No headings were found on the page. | [medium] 20 link(s) appear to have no accessible text. | [medium] 11 image(s) are missing an alt attribute. | [medium] 1 input control(s) appear to lack a visible or programmatic label. | [high] 11 axe accessibility violation(s) detected. || https://www2.pnwx.com/Accessories/LeadProducts/Blockers-Shields/Curtains/ => [medium] No headings were found on the page. | [medium] 18 link(s) appear to have no accessible text. | [medium] 12 image(s) are missing an alt attribute. | [medium] 1 input control(s) appear to lack a visible or programmatic label. | [high] 11 axe accessibility violation(s) detected. || https://www2.pnwx.com/Equipment/DarkEquip/Rotex/ => [medium] No headings were found on the page. | [medium] 10 link(s) appear to have no accessible text. | [medium] 7 image(s) are missing an alt attribute. | [medium] 1 input control(s) appear to lack a visible or programmatic label. | [high] 9 axe accessibility violation(s) detected. || https://www2.pnwx.com/Parts/Grids/ => [medium] 1 network request(s) failed. | [medium] No headings were found on the page. | [medium] 20 link(s) appear to have no accessible text. | [medium] 16 image(s) are missing an alt attribute. | [medium] 1 input control(s) appear to lack a visible or programmatic label. | [high] 11 axe accessibility violation(s) detected.
           at CustomWorld.<anonymous> (/Users/user/code/github/wcag-tools-test-frameworks/uuv/cucumber/step_definitions/url-audit.steps.js:118:13)
   ✔ After # cucumber/step_definitions/url-audit.steps.js:55

1 scenario (1 failed)
2 steps (1 failed, 1 passed)
1m52.646s (executing steps: 1m52.531s)
